$ storybook dev -p 6006 --host "127.0.0.1"

┌  storybook v10.2.17
│
●  Starting...
│
▲  No story files found for the specified pattern: src/**/*.mdx
The following Vite config options will be overridden by SvelteKit:
  - base
│
■  [38;2;241;97;97mError: listen EADDRINUSE: address already in use 127.0.0.1:6006[39m
│  at Server.setupListenHandle [as _listen2] (node:net:1940:16)
│  at listenInCluster (node:net:1997:12)
│  at node:net:2206:7
│  at process.processTicksAndRejections
│  (node:internal/process/task_queues:90:21)
│
▲  Broken build, fix the error above.
│  You may need to refresh the browser.
│
│  Debug logs are written to:
│  /Users/realxlfd/Desktop/Todo/shadcn-startup/debug-storybook.log
│
└  Storybook exited with an error

error: script "storybook" exited with code 1
